2018-10-07 18:17:13,378 INFO  [executionLogger] Waiting to load the page 
2018-10-07 18:17:13,691 INFO  [executionLogger] Completed with Profile checks 
2018-10-07 18:20:29,854 INFO  [executionLogger] Waiting to load the page 
2018-10-07 18:20:30,277 INFO  [executionLogger] Completed with Profile checks 
2018-10-07 18:25:27,897 INFO  [executionLogger] Waiting to load the page 
2018-10-07 18:25:28,204 INFO  [executionLogger] Completed with Profile checks 
2018-10-07 18:48:41,073 INFO  [executionLogger] LOGIN SUCCESSFULL 
2018-10-07 18:48:49,264 INFO  [executionLogger] Waiting to load the page 
2018-10-07 18:48:49,716 INFO  [executionLogger] Completed with Profile checks 
2018-10-07 19:05:29,584 INFO  [executionLogger] LOGIN SUCCESSFULL 
2018-10-07 19:05:37,599 INFO  [executionLogger] Waiting to load the page 
2018-10-07 19:05:37,930 INFO  [executionLogger] Completed with Profile checks 
2018-10-07 19:07:56,006 INFO  [executionLogger] **************************************************************************************** 
2018-10-07 19:07:56,007 INFO  [executionLogger] **************************************************************************************** 
2018-10-07 19:07:56,008 INFO  [executionLogger] $$$$$$$$$$$$$$$$$$$$$                 test       $$$$$$$$$$$$$$$$$$$$$$$$$ 
2018-10-07 19:07:56,008 INFO  [executionLogger] **************************************************************************************** 
2018-10-07 19:07:56,008 INFO  [executionLogger] **************************************************************************************** 
2018-10-07 19:08:05,418 INFO  [executionLogger] LOGIN SUCCESSFULL 
2018-10-07 19:08:05,423 INFO  [executionLogger] Waiting to load the page 
2018-10-07 19:08:05,831 INFO  [executionLogger] Completed with Profile checks 
2018-10-07 19:14:05,785 INFO  [Log] **************************************************************************************** 
2018-10-07 19:14:05,786 INFO  [Log] **************************************************************************************** 
2018-10-07 19:14:05,786 INFO  [Log] $$$$$$$$$$$$$$$$$$$$$                 test       $$$$$$$$$$$$$$$$$$$$$$$$$ 
2018-10-07 19:14:05,786 INFO  [Log] **************************************************************************************** 
2018-10-07 19:14:05,786 INFO  [Log] **************************************************************************************** 
2018-10-07 19:14:13,509 INFO  [Log] LOGIN SUCCESSFULL 
2018-10-07 19:14:13,516 INFO  [Log] Waiting to load the page 
2018-10-07 19:14:13,831 INFO  [Log] Completed with Profile checks 
2018-10-07 19:24:04,317 INFO  [Log] **************************************************************************************** 
2018-10-07 19:24:04,318 INFO  [Log] **************************************************************************************** 
2018-10-07 19:24:04,318 INFO  [Log] $$$$$$$$$$$$$$$$$$$$$                 test       $$$$$$$$$$$$$$$$$$$$$$$$$ 
2018-10-07 19:24:04,318 INFO  [Log] **************************************************************************************** 
2018-10-07 19:24:04,319 INFO  [Log] **************************************************************************************** 
2018-10-07 19:24:13,627 INFO  [Log] LOGIN SUCCESSFULL 
2018-10-07 19:24:13,631 INFO  [Log] Waiting to load the page 
2018-10-07 19:24:14,164 INFO  [Log] Completed with Profile checks 
