2019-04-22 23:49:52.753 [main] INFO  com.Naukri.FileReaderManager.Log - Naukri.com launched
2019-04-22 23:49:53.157 [main] INFO  com.Naukri.FileReaderManager.Log - Page name is: Jobs - Recruitment - Job Search - Employment - Job Vacancies - Naukri.com
2019-04-22 23:49:53.245 [main] INFO  com.Naukri.PageObjectClasses.LandingPage - TOP SIDE LOGIN button is Present
2019-04-22 23:50:00.471 [main] INFO  com.Naukri.PageObjectClasses.HomePageToSearchJob - Profile name: Partha Sarathi Das
2019-04-22 23:50:00.556 [main] INFO  com.Naukri.PageObjectClasses.HomePageToSearchJob - Profile picture height: 63 and width: 63
2019-04-22 23:50:00.635 [main] INFO  com.Naukri.PageObjectClasses.HomePageToSearchJob - Pending notification count: 00
2019-04-22 23:50:00.707 [main] INFO  com.Naukri.PageObjectClasses.HomePageToSearchJob - Profile Notification count: 04
2019-04-22 23:50:00.783 [main] INFO  com.Naukri.PageObjectClasses.HomePageToSearchJob - Job Application status count: 
2019-04-22 23:50:00.860 [main] INFO  com.Naukri.PageObjectClasses.HomePageToSearchJob - Job recommendation count: 
2019-04-22 23:50:00.893 [main] INFO  com.Naukri.PageObjectClasses.HomePageToSearchJob - Message from recruiter count: [[ChromeDriver: chrome on LINUX (815365a50757184db5a0fbba9db75b59)] -> xpath: /html/body/div[1]/div/div/ul[2]/li[1]/div/ul/li[3]/a/span[2]]
2019-04-22 23:50:00.894 [main] INFO  com.Naukri.PageObjectClasses.HomePageToSearchJob - Completed Profile details
2019-04-22 23:50:06.150 [main] INFO  com.Naukri.PageObjectClasses.HomePageToSearchJob - Clicked on JobSearch button
2019-04-22 23:50:10.676 [main] INFO  com.Naukri.PageObjectClasses.JobSearchResultPage - Total available job in the page is : 50
2019-04-22 23:50:10.785 [main] INFO  com.Naukri.PageObjectClasses.JobSearchResultPage - Job Name ================================> Application Tester Selenium With Java
2019-04-22 23:50:10.912 [main] INFO  com.Naukri.PageObjectClasses.JobSearchResultPage - Organisation Name ================================> Citicorp Services India Pvt Ltd
2019-04-22 23:50:11.047 [main] INFO  com.Naukri.PageObjectClasses.JobSearchResultPage - Salary offere ranged: Not disclosed
2019-04-22 23:50:12.484 [main] INFO  com.Naukri.PageObjectClasses.JobSearchResultPage - Navigated to Job page Name: Application Tester Selenium With Java - Pune - Citicorp Services India Pvt Ltd - 2 to 5 years of experience
2019-04-22 23:50:32.796 [main] INFO  com.Naukri.PageObjectClasses.JobSearchResultPage - Navigated back to >>>>>>>>>>>>>>>>>>>>>>>>>>> : CDWINDOW-738DAF55128CF9BD589D60FCE58FA898
2019-04-22 23:50:32.971 [main] INFO  com.Naukri.PageObjectClasses.JobSearchResultPage - Job Name ================================> Automated Testing
2019-04-22 23:50:33.046 [main] INFO  com.Naukri.PageObjectClasses.JobSearchResultPage - Organisation Name ================================> Pune
2019-04-22 23:50:33.108 [main] INFO  com.Naukri.PageObjectClasses.JobSearchResultPage - Salary offere ranged: Not disclosed
2019-04-22 23:50:33.450 [main] INFO  com.Naukri.PageObjectClasses.JobSearchResultPage - Navigated to Job page Name: Application Tester Selenium With Java - Pune - Citicorp Services India Pvt Ltd - 2 to 5 years of experience
